# JRE version: Java(TM) SE Runtime Environment (8.0_181-b13) (build 1.8.0_181-b13)
# Java VM: Java HotSpot(TM) 64-Bit Server VM (25.181-b13 mixed mode windows-amd64 compressed oops)
Heap:
 PSYoungGen      total 34304K, used 6465K [0x00000000eb900000, 0x00000000edd00000, 0x0000000100000000)
  eden space 31744K, 18% used [0x00000000eb900000,0x00000000ebee0ff0,0x00000000ed800000)
  from space 2560K, 17% used [0x00000000eda80000,0x00000000edaef688,0x00000000edd00000)
  to   space 2560K, 0% used [0x00000000ed800000,0x00000000ed800000,0x00000000eda80000)
 ParOldGen       total 28160K, used 10407K [0x00000000c2a00000, 0x00000000c4580000, 0x00000000eb900000)
  object space 28160K, 36% used [0x00000000c2a00000,0x00000000c3429ef8,0x00000000c4580000)
 Metaspace       used 30119K, capacity 31630K, committed 32256K, reserved 1083392K
  class space    used 4132K, capacity 4434K, committed 4608K, reserved 1048576K
GC Heap History (10 events):
Event: 5.781 GC heap before
{Heap before GC invocations=20 (full 4):
 PSYoungGen      total 34304K, used 5439K [0x00000000eb900000, 0x00000000edd00000, 0x0000000100000000)
  eden space 31744K, 13% used [0x00000000eb900000,0x00000000ebd14ae8,0x00000000ed800000)
  from space 2560K, 49% used [0x00000000ed800000,0x00000000ed93b358,0x00000000eda80000)
  to   space 2560K, 0% used [0x00000000eda80000,0x00000000eda80000,0x00000000edd00000)
 ParOldGen       total 28160K, used 13211K [0x00000000c2a00000, 0x00000000c4580000, 0x00000000eb900000)
  object space 28160K, 46% used [0x00000000c2a00000,0x00000000c36e6f10,0x00000000c4580000)
 Metaspace       used 30049K, capacity 31852K, committed 32000K, reserved 1085440K
  class space    used 4135K, capacity 4460K, committed 4608K, reserved 1048576K
Event: 5.784 GC heap after
Heap after GC invocations=20 (full 4):
 PSYoungGen      total 34304K, used 966K [0x00000000eb900000, 0x00000000edd00000, 0x0000000100000000)
  eden space 31744K, 0% used [0x00000000eb900000,0x00000000eb900000,0x00000000ed800000)
  from space 2560K, 37% used [0x00000000eda80000,0x00000000edb71a58,0x00000000edd00000)
  to   space 2560K, 0% used [0x00000000ed800000,0x00000000ed800000,0x00000000eda80000)
 ParOldGen       total 28160K, used 13219K [0x00000000c2a00000, 0x00000000c4580000, 0x00000000eb900000)
  object space 28160K, 46% used [0x00000000c2a00000,0x00000000c36e8f10,0x00000000c4580000)
 Metaspace       used 30049K, capacity 31852K, committed 32000K, reserved 1085440K
  class space    used 4135K, capacity 4460K, committed 4608K, reserved 1048576K
}
Event: 5.784 GC heap before
{Heap before GC invocations=21 (full 5):
 PSYoungGen      total 34304K, used 966K [0x00000000eb900000, 0x00000000edd00000, 0x0000000100000000)
  eden space 31744K, 0% used [0x00000000eb900000,0x00000000eb900000,0x00000000ed800000)
  from space 2560K, 37% used [0x00000000eda80000,0x00000000edb71a58,0x00000000edd00000)
  to   space 2560K, 0% used [0x00000000ed800000,0x00000000ed800000,0x00000000eda80000)
 ParOldGen       total 28160K, used 13219K [0x00000000c2a00000, 0x00000000c4580000, 0x00000000eb900000)
  object space 28160K, 46% used [0x00000000c2a00000,0x00000000c36e8f10,0x00000000c4580000)
 Metaspace       used 30049K, capacity 31852K, committed 32000K, reserved 1085440K
  class space    used 4135K, capacity 4460K, committed 4608K, reserved 1048576K
Event: 5.856 GC heap after
Heap after GC invocations=21 (full 5):
 PSYoungGen      total 34304K, used 0K [0x00000000eb900000, 0x00000000edd00000, 0x0000000100000000)
  eden space 31744K, 0% used [0x00000000eb900000,0x00000000eb900000,0x00000000ed800000)
  from space 2560K, 0% used [0x00000000eda80000,0x00000000eda80000,0x00000000edd00000)
  to   space 2560K, 0% used [0x00000000ed800000,0x00000000ed800000,0x00000000eda80000)
 ParOldGen       total 28160K, used 13291K [0x00000000c2a00000, 0x00000000c4580000, 0x00000000eb900000)
  object space 28160K, 47% used [0x00000000c2a00000,0x00000000c36fac88,0x00000000c4580000)
 Metaspace       used 30049K, capacity 31852K, committed 32000K, reserved 1083392K
  class space    used 4135K, capacity 4460K, committed 4608K, reserved 1048576K
}
Event: 5.856 GC heap before
{Heap before GC invocations=22 (full 5):
 PSYoungGen      total 34304K, used 0K [0x00000000eb900000, 0x00000000edd00000, 0x0000000100000000)
  eden space 31744K, 0% used [0x00000000eb900000,0x00000000eb900000,0x00000000ed800000)
  from space 2560K, 0% used [0x00000000eda80000,0x00000000eda80000,0x00000000edd00000)
  to   space 2560K, 0% used [0x00000000ed800000,0x00000000ed800000,0x00000000eda80000)
 ParOldGen       total 28160K, used 13291K [0x00000000c2a00000, 0x00000000c4580000, 0x00000000eb900000)
  object space 28160K, 47% used [0x00000000c2a00000,0x00000000c36fac88,0x00000000c4580000)
 Metaspace       used 30049K, capacity 31852K, committed 32000K, reserved 1087488K
  class space    used 4135K, capacity 4460K, committed 4608K, reserved 1048576K
Event: 5.858 GC heap after
Heap after GC invocations=22 (full 5):
 PSYoungGen      total 34304K, used 0K [0x00000000eb900000, 0x00000000edd00000, 0x0000000100000000)
  eden space 31744K, 0% used [0x00000000eb900000,0x00000000eb900000,0x00000000ed800000)
  from space 2560K, 0% used [0x00000000ed800000,0x00000000ed800000,0x00000000eda80000)
  to   space 2560K, 0% used [0x00000000eda80000,0x00000000eda80000,0x00000000edd00000)
 ParOldGen       total 28160K, used 13291K [0x00000000c2a00000, 0x00000000c4580000, 0x00000000eb900000)
  object space 28160K, 47% used [0x00000000c2a00000,0x00000000c36fac88,0x00000000c4580000)
 Metaspace       used 30049K, capacity 31852K, committed 32000K, reserved 1087488K
  class space    used 4135K, capacity 4460K, committed 4608K, reserved 1048576K
}
Event: 5.858 GC heap before
{Heap before GC invocations=23 (full 6):
 PSYoungGen      total 34304K, used 0K [0x00000000eb900000, 0x00000000edd00000, 0x0000000100000000)
  eden space 31744K, 0% used [0x00000000eb900000,0x00000000eb900000,0x00000000ed800000)
  from space 2560K, 0% used [0x00000000ed800000,0x00000000ed800000,0x00000000eda80000)
  to   space 2560K, 0% used [0x00000000eda80000,0x00000000eda80000,0x00000000edd00000)
 ParOldGen       total 28160K, used 13291K [0x00000000c2a00000, 0x00000000c4580000, 0x00000000eb900000)
  object space 28160K, 47% used [0x00000000c2a00000,0x00000000c36fac88,0x00000000c4580000)
 Metaspace       used 30049K, capacity 31852K, committed 32000K, reserved 1087488K
  class space    used 4135K, capacity 4460K, committed 4608K, reserved 1048576K
Event: 5.977 GC heap after
Heap after GC invocations=23 (full 6):
 PSYoungGen      total 34304K, used 0K [0x00000000eb900000, 0x00000000edd00000, 0x0000000100000000)
  eden space 31744K, 0% used [0x00000000eb900000,0x00000000eb900000,0x00000000ed800000)
  from space 2560K, 0% used [0x00000000ed800000,0x00000000ed800000,0x00000000eda80000)
  to   space 2560K, 0% used [0x00000000eda80000,0x00000000eda80000,0x00000000edd00000)
 ParOldGen       total 28160K, used 10399K [0x00000000c2a00000, 0x00000000c4580000, 0x00000000eb900000)
  object space 28160K, 36% used [0x00000000c2a00000,0x00000000c3427ef8,0x00000000c4580000)
 Metaspace       used 29704K, capacity 31168K, committed 32000K, reserved 1083392K
  class space    used 4089K, capacity 4379K, committed 4608K, reserved 1048576K
}
Event: 6.031 GC heap before
{Heap before GC invocations=24 (full 6):
 PSYoungGen      total 34304K, used 31689K [0x00000000eb900000, 0x00000000edd00000, 0x0000000100000000)
  eden space 31744K, 99% used [0x00000000eb900000,0x00000000ed7f25e8,0x00000000ed800000)
  from space 2560K, 0% used [0x00000000ed800000,0x00000000ed800000,0x00000000eda80000)
  to   space 2560K, 0% used [0x00000000eda80000,0x00000000eda80000,0x00000000edd00000)
 ParOldGen       total 28160K, used 10399K [0x00000000c2a00000, 0x00000000c4580000, 0x00000000eb900000)
  object space 28160K, 36% used [0x00000000c2a00000,0x00000000c3427ef8,0x00000000c4580000)
 Metaspace       used 29796K, capacity 31270K, committed 32000K, reserved 1083392K
  class space    used 4108K, capacity 4400K, committed 4608K, reserved 1048576K
Event: 6.034 GC heap after
Heap after GC invocations=24 (full 6):
 PSYoungGen      total 34304K, used 445K [0x00000000eb900000, 0x00000000edd00000, 0x0000000100000000)
  eden space 31744K, 0% used [0x00000000eb900000,0x00000000eb900000,0x00000000ed800000)
  from space 2560K, 17% used [0x00000000eda80000,0x00000000edaef688,0x00000000edd00000)
  to   space 2560K, 0% used [0x00000000ed800000,0x00000000ed800000,0x00000000eda80000)
 ParOldGen       total 28160K, used 10407K [0x00000000c2a00000, 0x00000000c4580000, 0x00000000eb900000)
  object space 28160K, 36% used [0x00000000c2a00000,0x00000000c3429ef8,0x00000000c4580000)
 Metaspace       used 29796K, capacity 31270K, committed 32000K, reserved 1083392K
  class space    used 4108K, capacity 4400K, committed 4608K, reserved 1048576K
}

