# JRE version: Java(TM) SE Runtime Environment (8.0_181-b13) (build 1.8.0_181-b13)
# Java VM: Java HotSpot(TM) 64-Bit Server VM (25.181-b13 mixed mode windows-amd64 compressed oops)
Heap:
 PSYoungGen      total 169472K, used 98203K [0x00000000eb900000, 0x00000000f7600000, 0x0000000100000000)
  eden space 154624K, 63% used [0x00000000eb900000,0x00000000f18e6fb0,0x00000000f5000000)
  from space 14848K, 0% used [0x00000000f5f80000,0x00000000f5f80000,0x00000000f6e00000)
  to   space 15872K, 0% used [0x00000000f5000000,0x00000000f5000000,0x00000000f5f80000)
 ParOldGen       total 77312K, used 27266K [0x00000000c2a00000, 0x00000000c7580000, 0x00000000eb900000)
  object space 77312K, 35% used [0x00000000c2a00000,0x00000000c44a0958,0x00000000c7580000)
 Metaspace       used 62854K, capacity 66032K, committed 66096K, reserved 1105920K
  class space    used 8456K, capacity 8958K, committed 9008K, reserved 1048576K
GC Heap History (10 events):
Event: 7.772 GC heap before
{Heap before GC invocations=11 (full 2):
 PSYoungGen      total 104960K, used 8167K [0x00000000eb900000, 0x00000000f4900000, 0x0000000100000000)
  eden space 96768K, 0% used [0x00000000eb900000,0x00000000eb900000,0x00000000f1780000)
  from space 8192K, 99% used [0x00000000f1780000,0x00000000f1f79e70,0x00000000f1f80000)
  to   space 10240K, 0% used [0x00000000f3f00000,0x00000000f3f00000,0x00000000f4900000)
 ParOldGen       total 31232K, used 11817K [0x00000000c2a00000, 0x00000000c4880000, 0x00000000eb900000)
  object space 31232K, 37% used [0x00000000c2a00000,0x00000000c358a7f0,0x00000000c4880000)
 Metaspace       used 33687K, capacity 35394K, committed 35496K, reserved 1081344K
  class space    used 4348K, capacity 4649K, committed 4656K, reserved 1048576K
Event: 7.898 GC heap after
Heap after GC invocations=11 (full 2):
 PSYoungGen      total 104960K, used 0K [0x00000000eb900000, 0x00000000f4900000, 0x0000000100000000)
  eden space 96768K, 0% used [0x00000000eb900000,0x00000000eb900000,0x00000000f1780000)
  from space 8192K, 0% used [0x00000000f1780000,0x00000000f1780000,0x00000000f1f80000)
  to   space 10240K, 0% used [0x00000000f3f00000,0x00000000f3f00000,0x00000000f4900000)
 ParOldGen       total 53760K, used 15953K [0x00000000c2a00000, 0x00000000c5e80000, 0x00000000eb900000)
  object space 53760K, 29% used [0x00000000c2a00000,0x00000000c3994410,0x00000000c5e80000)
 Metaspace       used 33687K, capacity 35394K, committed 35496K, reserved 1081344K
  class space    used 4348K, capacity 4649K, committed 4656K, reserved 1048576K
}
Event: 12.268 GC heap before
{Heap before GC invocations=12 (full 2):
 PSYoungGen      total 104960K, used 96768K [0x00000000eb900000, 0x00000000f4900000, 0x0000000100000000)
  eden space 96768K, 100% used [0x00000000eb900000,0x00000000f1780000,0x00000000f1780000)
  from space 8192K, 0% used [0x00000000f1780000,0x00000000f1780000,0x00000000f1f80000)
  to   space 10240K, 0% used [0x00000000f3f00000,0x00000000f3f00000,0x00000000f4900000)
 ParOldGen       total 53760K, used 15953K [0x00000000c2a00000, 0x00000000c5e80000, 0x00000000eb900000)
  object space 53760K, 29% used [0x00000000c2a00000,0x00000000c3994410,0x00000000c5e80000)
 Metaspace       used 46699K, capacity 48692K, committed 48944K, reserved 1091584K
  class space    used 6288K, capacity 6644K, committed 6704K, reserved 1048576K
Event: 12.295 GC heap after
Heap after GC invocations=12 (full 2):
 PSYoungGen      total 133632K, used 10238K [0x00000000eb900000, 0x00000000f4b80000, 0x0000000100000000)
  eden space 123392K, 0% used [0x00000000eb900000,0x00000000eb900000,0x00000000f3180000)
  from space 10240K, 99% used [0x00000000f3f00000,0x00000000f48ffb60,0x00000000f4900000)
  to   space 13312K, 0% used [0x00000000f3180000,0x00000000f3180000,0x00000000f3e80000)
 ParOldGen       total 53760K, used 20241K [0x00000000c2a00000, 0x00000000c5e80000, 0x00000000eb900000)
  object space 53760K, 37% used [0x00000000c2a00000,0x00000000c3dc44b8,0x00000000c5e80000)
 Metaspace       used 46699K, capacity 48692K, committed 48944K, reserved 1091584K
  class space    used 6288K, capacity 6644K, committed 6704K, reserved 1048576K
}
Event: 15.421 GC heap before
{Heap before GC invocations=13 (full 2):
 PSYoungGen      total 133632K, used 133630K [0x00000000eb900000, 0x00000000f4b80000, 0x0000000100000000)
  eden space 123392K, 100% used [0x00000000eb900000,0x00000000f3180000,0x00000000f3180000)
  from space 10240K, 99% used [0x00000000f3f00000,0x00000000f48ffb60,0x00000000f4900000)
  to   space 13312K, 0% used [0x00000000f3180000,0x00000000f3180000,0x00000000f3e80000)
 ParOldGen       total 53760K, used 20241K [0x00000000c2a00000, 0x00000000c5e80000, 0x00000000eb900000)
  object space 53760K, 37% used [0x00000000c2a00000,0x00000000c3dc44b8,0x00000000c5e80000)
 Metaspace       used 54848K, capacity 57214K, committed 57520K, reserved 1099776K
  class space    used 7378K, capacity 7781K, committed 7856K, reserved 1048576K
Event: 15.460 GC heap after
Heap after GC invocations=13 (full 2):
 PSYoungGen      total 136704K, used 13076K [0x00000000eb900000, 0x00000000f6e00000, 0x0000000100000000)
  eden space 123392K, 0% used [0x00000000eb900000,0x00000000eb900000,0x00000000f3180000)
  from space 13312K, 98% used [0x00000000f3180000,0x00000000f3e45170,0x00000000f3e80000)
  to   space 14848K, 0% used [0x00000000f5f80000,0x00000000f5f80000,0x00000000f6e00000)
 ParOldGen       total 53760K, used 24888K [0x00000000c2a00000, 0x00000000c5e80000, 0x00000000eb900000)
  object space 53760K, 46% used [0x00000000c2a00000,0x00000000c424e020,0x00000000c5e80000)
 Metaspace       used 54848K, capacity 57214K, committed 57520K, reserved 1099776K
  class space    used 7378K, capacity 7781K, committed 7856K, reserved 1048576K
}
Event: 16.403 GC heap before
{Heap before GC invocations=14 (full 2):
 PSYoungGen      total 136704K, used 44750K [0x00000000eb900000, 0x00000000f6e00000, 0x0000000100000000)
  eden space 123392K, 25% used [0x00000000eb900000,0x00000000ed7eea70,0x00000000f3180000)
  from space 13312K, 98% used [0x00000000f3180000,0x00000000f3e45170,0x00000000f3e80000)
  to   space 14848K, 0% used [0x00000000f5f80000,0x00000000f5f80000,0x00000000f6e00000)
 ParOldGen       total 53760K, used 24888K [0x00000000c2a00000, 0x00000000c5e80000, 0x00000000eb900000)
  object space 53760K, 46% used [0x00000000c2a00000,0x00000000c424e020,0x00000000c5e80000)
 Metaspace       used 56464K, capacity 59052K, committed 59160K, reserved 1099776K
  class space    used 7578K, capacity 8020K, committed 8112K, reserved 1048576K
Event: 16.450 GC heap after
Heap after GC invocations=14 (full 2):
 PSYoungGen      total 169472K, used 10735K [0x00000000eb900000, 0x00000000f7600000, 0x0000000100000000)
  eden space 154624K, 0% used [0x00000000eb900000,0x00000000eb900000,0x00000000f5000000)
  from space 14848K, 72% used [0x00000000f5f80000,0x00000000f69fbca0,0x00000000f6e00000)
  to   space 15872K, 0% used [0x00000000f5000000,0x00000000f5000000,0x00000000f5f80000)
 ParOldGen       total 53760K, used 24888K [0x00000000c2a00000, 0x00000000c5e80000, 0x00000000eb900000)
  object space 53760K, 46% used [0x00000000c2a00000,0x00000000c424e020,0x00000000c5e80000)
 Metaspace       used 56464K, capacity 59052K, committed 59160K, reserved 1099776K
  class space    used 7578K, capacity 8020K, committed 8112K, reserved 1048576K
}
Event: 16.450 GC heap before
{Heap before GC invocations=15 (full 3):
 PSYoungGen      total 169472K, used 10735K [0x00000000eb900000, 0x00000000f7600000, 0x0000000100000000)
  eden space 154624K, 0% used [0x00000000eb900000,0x00000000eb900000,0x00000000f5000000)
  from space 14848K, 72% used [0x00000000f5f80000,0x00000000f69fbca0,0x00000000f6e00000)
  to   space 15872K, 0% used [0x00000000f5000000,0x00000000f5000000,0x00000000f5f80000)
 ParOldGen       total 53760K, used 24888K [0x00000000c2a00000, 0x00000000c5e80000, 0x00000000eb900000)
  object space 53760K, 46% used [0x00000000c2a00000,0x00000000c424e020,0x00000000c5e80000)
 Metaspace       used 56464K, capacity 59052K, committed 59160K, reserved 1099776K
  class space    used 7578K, capacity 8020K, committed 8112K, reserved 1048576K
Event: 16.837 GC heap after
Heap after GC invocations=15 (full 3):
 PSYoungGen      total 169472K, used 0K [0x00000000eb900000, 0x00000000f7600000, 0x0000000100000000)
  eden space 154624K, 0% used [0x00000000eb900000,0x00000000eb900000,0x00000000f5000000)
  from space 14848K, 0% used [0x00000000f5f80000,0x00000000f5f80000,0x00000000f6e00000)
  to   space 15872K, 0% used [0x00000000f5000000,0x00000000f5000000,0x00000000f5f80000)
 ParOldGen       total 77312K, used 27266K [0x00000000c2a00000, 0x00000000c7580000, 0x00000000eb900000)
  object space 77312K, 35% used [0x00000000c2a00000,0x00000000c44a0958,0x00000000c7580000)
 Metaspace       used 56464K, capacity 59052K, committed 59160K, reserved 1099776K
  class space    used 7578K, capacity 8020K, committed 8112K, reserved 1048576K
}

