# JRE version: Java(TM) SE Runtime Environment (8.0_181-b13) (build 1.8.0_181-b13)
# Java VM: Java HotSpot(TM) 64-Bit Server VM (25.181-b13 mixed mode windows-amd64 compressed oops)
Heap:
 PSYoungGen      total 141824K, used 109122K [0x00000000eb900000, 0x00000000f5380000, 0x0000000100000000)
  eden space 131584K, 75% used [0x00000000eb900000,0x00000000f1996638,0x00000000f3980000)
  from space 10240K, 99% used [0x00000000f4800000,0x00000000f51fa278,0x00000000f5200000)
  to   space 13312K, 0% used [0x00000000f3980000,0x00000000f3980000,0x00000000f4680000)
 ParOldGen       total 52224K, used 20146K [0x00000000c2a00000, 0x00000000c5d00000, 0x00000000eb900000)
  object space 52224K, 38% used [0x00000000c2a00000,0x00000000c3dacb30,0x00000000c5d00000)
 Metaspace       used 52937K, capacity 55084K, committed 55384K, reserved 1097728K
  class space    used 7149K, capacity 7537K, committed 7552K, reserved 1048576K
GC Heap History (10 events):
Event: 5.999 GC heap before
{Heap before GC invocations=8 (full 1):
 PSYoungGen      total 70144K, used 63488K [0x00000000eb900000, 0x00000000f0400000, 0x0000000100000000)
  eden space 63488K, 100% used [0x00000000eb900000,0x00000000ef700000,0x00000000ef700000)
  from space 6656K, 0% used [0x00000000efd80000,0x00000000efd80000,0x00000000f0400000)
  to   space 6656K, 0% used [0x00000000ef700000,0x00000000ef700000,0x00000000efd80000)
 ParOldGen       total 32768K, used 6640K [0x00000000c2a00000, 0x00000000c4a00000, 0x00000000eb900000)
  object space 32768K, 20% used [0x00000000c2a00000,0x00000000c307c1f8,0x00000000c4a00000)
 Metaspace       used 23806K, capacity 24438K, committed 24576K, reserved 1071104K
  class space    used 3065K, capacity 3246K, committed 3328K, reserved 1048576K
Event: 6.012 GC heap after
Heap after GC invocations=8 (full 1):
 PSYoungGen      total 70144K, used 4156K [0x00000000eb900000, 0x00000000f2a00000, 0x0000000100000000)
  eden space 63488K, 0% used [0x00000000eb900000,0x00000000eb900000,0x00000000ef700000)
  from space 6656K, 62% used [0x00000000ef700000,0x00000000efb0f298,0x00000000efd80000)
  to   space 6656K, 0% used [0x00000000f2380000,0x00000000f2380000,0x00000000f2a00000)
 ParOldGen       total 32768K, used 6712K [0x00000000c2a00000, 0x00000000c4a00000, 0x00000000eb900000)
  object space 32768K, 20% used [0x00000000c2a00000,0x00000000c308e208,0x00000000c4a00000)
 Metaspace       used 23806K, capacity 24438K, committed 24576K, reserved 1071104K
  class space    used 3065K, capacity 3246K, committed 3328K, reserved 1048576K
}
Event: 10.219 GC heap before
{Heap before GC invocations=9 (full 1):
 PSYoungGen      total 70144K, used 67644K [0x00000000eb900000, 0x00000000f2a00000, 0x0000000100000000)
  eden space 63488K, 100% used [0x00000000eb900000,0x00000000ef700000,0x00000000ef700000)
  from space 6656K, 62% used [0x00000000ef700000,0x00000000efb0f298,0x00000000efd80000)
  to   space 6656K, 0% used [0x00000000f2380000,0x00000000f2380000,0x00000000f2a00000)
 ParOldGen       total 32768K, used 6712K [0x00000000c2a00000, 0x00000000c4a00000, 0x00000000eb900000)
  object space 32768K, 20% used [0x00000000c2a00000,0x00000000c308e208,0x00000000c4a00000)
 Metaspace       used 28770K, capacity 29970K, committed 30080K, reserved 1075200K
  class space    used 3733K, capacity 3964K, committed 3968K, reserved 1048576K
Event: 10.262 GC heap after
Heap after GC invocations=9 (full 1):
 PSYoungGen      total 107008K, used 6636K [0x00000000eb900000, 0x00000000f2b00000, 0x0000000100000000)
  eden space 100352K, 0% used [0x00000000eb900000,0x00000000eb900000,0x00000000f1b00000)
  from space 6656K, 99% used [0x00000000f2380000,0x00000000f29fb190,0x00000000f2a00000)
  to   space 8192K, 0% used [0x00000000f1b00000,0x00000000f1b00000,0x00000000f2300000)
 ParOldGen       total 32768K, used 8921K [0x00000000c2a00000, 0x00000000c4a00000, 0x00000000eb900000)
  object space 32768K, 27% used [0x00000000c2a00000,0x00000000c32b6590,0x00000000c4a00000)
 Metaspace       used 28770K, capacity 29970K, committed 30080K, reserved 1075200K
  class space    used 3733K, capacity 3964K, committed 3968K, reserved 1048576K
}
Event: 12.400 GC heap before
{Heap before GC invocations=10 (full 1):
 PSYoungGen      total 107008K, used 93598K [0x00000000eb900000, 0x00000000f2b00000, 0x0000000100000000)
  eden space 100352K, 86% used [0x00000000eb900000,0x00000000f0deca50,0x00000000f1b00000)
  from space 6656K, 99% used [0x00000000f2380000,0x00000000f29fb190,0x00000000f2a00000)
  to   space 8192K, 0% used [0x00000000f1b00000,0x00000000f1b00000,0x00000000f2300000)
 ParOldGen       total 32768K, used 8921K [0x00000000c2a00000, 0x00000000c4a00000, 0x00000000eb900000)
  object space 32768K, 27% used [0x00000000c2a00000,0x00000000c32b6590,0x00000000c4a00000)
 Metaspace       used 33632K, capacity 35326K, committed 35416K, reserved 1079296K
  class space    used 4347K, capacity 4658K, committed 4736K, reserved 1048576K
Event: 12.453 GC heap after
Heap after GC invocations=10 (full 1):
 PSYoungGen      total 108544K, used 8177K [0x00000000eb900000, 0x00000000f5200000, 0x0000000100000000)
  eden space 100352K, 0% used [0x00000000eb900000,0x00000000eb900000,0x00000000f1b00000)
  from space 8192K, 99% used [0x00000000f1b00000,0x00000000f22fc580,0x00000000f2300000)
  to   space 10240K, 0% used [0x00000000f4800000,0x00000000f4800000,0x00000000f5200000)
 ParOldGen       total 32768K, used 11873K [0x00000000c2a00000, 0x00000000c4a00000, 0x00000000eb900000)
  object space 32768K, 36% used [0x00000000c2a00000,0x00000000c3598440,0x00000000c4a00000)
 Metaspace       used 33632K, capacity 35326K, committed 35416K, reserved 1079296K
  class space    used 4347K, capacity 4658K, committed 4736K, reserved 1048576K
}
Event: 12.453 GC heap before
{Heap before GC invocations=11 (full 2):
 PSYoungGen      total 108544K, used 8177K [0x00000000eb900000, 0x00000000f5200000, 0x0000000100000000)
  eden space 100352K, 0% used [0x00000000eb900000,0x00000000eb900000,0x00000000f1b00000)
  from space 8192K, 99% used [0x00000000f1b00000,0x00000000f22fc580,0x00000000f2300000)
  to   space 10240K, 0% used [0x00000000f4800000,0x00000000f4800000,0x00000000f5200000)
 ParOldGen       total 32768K, used 11873K [0x00000000c2a00000, 0x00000000c4a00000, 0x00000000eb900000)
  object space 32768K, 36% used [0x00000000c2a00000,0x00000000c3598440,0x00000000c4a00000)
 Metaspace       used 33632K, capacity 35326K, committed 35416K, reserved 1079296K
  class space    used 4347K, capacity 4658K, committed 4736K, reserved 1048576K
Event: 12.588 GC heap after
Heap after GC invocations=11 (full 2):
 PSYoungGen      total 108544K, used 0K [0x00000000eb900000, 0x00000000f5200000, 0x0000000100000000)
  eden space 100352K, 0% used [0x00000000eb900000,0x00000000eb900000,0x00000000f1b00000)
  from space 8192K, 0% used [0x00000000f1b00000,0x00000000f1b00000,0x00000000f2300000)
  to   space 10240K, 0% used [0x00000000f4800000,0x00000000f4800000,0x00000000f5200000)
 ParOldGen       total 52224K, used 15543K [0x00000000c2a00000, 0x00000000c5d00000, 0x00000000eb900000)
  object space 52224K, 29% used [0x00000000c2a00000,0x00000000c392dcb0,0x00000000c5d00000)
 Metaspace       used 33632K, capacity 35326K, committed 35416K, reserved 1079296K
  class space    used 4347K, capacity 4658K, committed 4736K, reserved 1048576K
}
Event: 17.746 GC heap before
{Heap before GC invocations=12 (full 2):
 PSYoungGen      total 108544K, used 100352K [0x00000000eb900000, 0x00000000f5200000, 0x0000000100000000)
  eden space 100352K, 100% used [0x00000000eb900000,0x00000000f1b00000,0x00000000f1b00000)
  from space 8192K, 0% used [0x00000000f1b00000,0x00000000f1b00000,0x00000000f2300000)
  to   space 10240K, 0% used [0x00000000f4800000,0x00000000f4800000,0x00000000f5200000)
 ParOldGen       total 52224K, used 15543K [0x00000000c2a00000, 0x00000000c5d00000, 0x00000000eb900000)
  object space 52224K, 29% used [0x00000000c2a00000,0x00000000c392dcb0,0x00000000c5d00000)
 Metaspace       used 46941K, capacity 48908K, committed 49240K, reserved 1091584K
  class space    used 6327K, capacity 6661K, committed 6784K, reserved 1048576K
Event: 17.780 GC heap after
Heap after GC invocations=12 (full 2):
 PSYoungGen      total 141824K, used 10216K [0x00000000eb900000, 0x00000000f5380000, 0x0000000100000000)
  eden space 131584K, 0% used [0x00000000eb900000,0x00000000eb900000,0x00000000f3980000)
  from space 10240K, 99% used [0x00000000f4800000,0x00000000f51fa278,0x00000000f5200000)
  to   space 13312K, 0% used [0x00000000f3980000,0x00000000f3980000,0x00000000f4680000)
 ParOldGen       total 52224K, used 20146K [0x00000000c2a00000, 0x00000000c5d00000, 0x00000000eb900000)
  object space 52224K, 38% used [0x00000000c2a00000,0x00000000c3dacb30,0x00000000c5d00000)
 Metaspace       used 46941K, capacity 48908K, committed 49240K, reserved 1091584K
  class space    used 6327K, capacity 6661K, committed 6784K, reserved 1048576K
}

