# JRE version: Java(TM) SE Runtime Environment (8.0_181-b13) (build 1.8.0_181-b13)
# Java VM: Java HotSpot(TM) 64-Bit Server VM (25.181-b13 mixed mode windows-amd64 compressed oops)
Heap:
 PSYoungGen      total 228864K, used 81493K [0x00000000eb900000, 0x00000000fb380000, 0x0000000100000000)
  eden space 212480K, 38% used [0x00000000eb900000,0x00000000f0895730,0x00000000f8880000)
  from space 16384K, 0% used [0x00000000f9b80000,0x00000000f9b80000,0x00000000fab80000)
  to   space 19456K, 0% used [0x00000000f8880000,0x00000000f8880000,0x00000000f9b80000)
 ParOldGen       total 77312K, used 29797K [0x00000000c2a00000, 0x00000000c7580000, 0x00000000eb900000)
  object space 77312K, 38% used [0x00000000c2a00000,0x00000000c47197b0,0x00000000c7580000)
 Metaspace       used 61648K, capacity 64838K, committed 64896K, reserved 1105920K
  class space    used 8324K, capacity 8832K, committed 8832K, reserved 1048576K
GC Heap History (10 events):
Event: 13.885 GC heap before
{Heap before GC invocations=9 (full 1):
 PSYoungGen      total 132096K, used 66370K [0x00000000eb900000, 0x00000000f6d80000, 0x0000000100000000)
  eden space 124928K, 47% used [0x00000000eb900000,0x00000000ef2d3640,0x00000000f3300000)
  from space 7168K, 99% used [0x00000000f3300000,0x00000000f39fd580,0x00000000f3a00000)
  to   space 10752K, 0% used [0x00000000f6300000,0x00000000f6300000,0x00000000f6d80000)
 ParOldGen       total 34304K, used 13992K [0x00000000c2a00000, 0x00000000c4b80000, 0x00000000eb900000)
  object space 34304K, 40% used [0x00000000c2a00000,0x00000000c37aa1c8,0x00000000c4b80000)
 Metaspace       used 33639K, capacity 35324K, committed 35456K, reserved 1079296K
  class space    used 4347K, capacity 4659K, committed 4736K, reserved 1048576K
Event: 13.948 GC heap after
Heap after GC invocations=9 (full 1):
 PSYoungGen      total 172544K, used 10069K [0x00000000eb900000, 0x00000000f9a80000, 0x0000000100000000)
  eden space 161792K, 0% used [0x00000000eb900000,0x00000000eb900000,0x00000000f5700000)
  from space 10752K, 93% used [0x00000000f6300000,0x00000000f6cd5588,0x00000000f6d80000)
  to   space 12288K, 0% used [0x00000000f5700000,0x00000000f5700000,0x00000000f6300000)
 ParOldGen       total 34304K, used 14000K [0x00000000c2a00000, 0x00000000c4b80000, 0x00000000eb900000)
  object space 34304K, 40% used [0x00000000c2a00000,0x00000000c37ac1c8,0x00000000c4b80000)
 Metaspace       used 33639K, capacity 35324K, committed 35456K, reserved 1079296K
  class space    used 4347K, capacity 4659K, committed 4736K, reserved 1048576K
}
Event: 13.948 GC heap before
{Heap before GC invocations=10 (full 2):
 PSYoungGen      total 172544K, used 10069K [0x00000000eb900000, 0x00000000f9a80000, 0x0000000100000000)
  eden space 161792K, 0% used [0x00000000eb900000,0x00000000eb900000,0x00000000f5700000)
  from space 10752K, 93% used [0x00000000f6300000,0x00000000f6cd5588,0x00000000f6d80000)
  to   space 12288K, 0% used [0x00000000f5700000,0x00000000f5700000,0x00000000f6300000)
 ParOldGen       total 34304K, used 14000K [0x00000000c2a00000, 0x00000000c4b80000, 0x00000000eb900000)
  object space 34304K, 40% used [0x00000000c2a00000,0x00000000c37ac1c8,0x00000000c4b80000)
 Metaspace       used 33639K, capacity 35324K, committed 35456K, reserved 1079296K
  class space    used 4347K, capacity 4659K, committed 4736K, reserved 1048576K
Event: 14.181 GC heap after
Heap after GC invocations=10 (full 2):
 PSYoungGen      total 172544K, used 0K [0x00000000eb900000, 0x00000000f9a80000, 0x0000000100000000)
  eden space 161792K, 0% used [0x00000000eb900000,0x00000000eb900000,0x00000000f5700000)
  from space 10752K, 0% used [0x00000000f6300000,0x00000000f6300000,0x00000000f6d80000)
  to   space 12288K, 0% used [0x00000000f5700000,0x00000000f5700000,0x00000000f6300000)
 ParOldGen       total 51200K, used 14472K [0x00000000c2a00000, 0x00000000c5c00000, 0x00000000eb900000)
  object space 51200K, 28% used [0x00000000c2a00000,0x00000000c3822228,0x00000000c5c00000)
 Metaspace       used 33639K, capacity 35324K, committed 35456K, reserved 1079296K
  class space    used 4347K, capacity 4659K, committed 4736K, reserved 1048576K
}
Event: 23.894 GC heap before
{Heap before GC invocations=11 (full 2):
 PSYoungGen      total 172544K, used 161792K [0x00000000eb900000, 0x00000000f9a80000, 0x0000000100000000)
  eden space 161792K, 100% used [0x00000000eb900000,0x00000000f5700000,0x00000000f5700000)
  from space 10752K, 0% used [0x00000000f6300000,0x00000000f6300000,0x00000000f6d80000)
  to   space 12288K, 0% used [0x00000000f5700000,0x00000000f5700000,0x00000000f6300000)
 ParOldGen       total 51200K, used 14472K [0x00000000c2a00000, 0x00000000c5c00000, 0x00000000eb900000)
  object space 51200K, 28% used [0x00000000c2a00000,0x00000000c3822228,0x00000000c5c00000)
 Metaspace       used 50836K, capacity 52984K, committed 53248K, reserved 1095680K
  class space    used 6910K, capacity 7299K, committed 7424K, reserved 1048576K
Event: 23.991 GC heap after
Heap after GC invocations=11 (full 2):
 PSYoungGen      total 174080K, used 12269K [0x00000000eb900000, 0x00000000fab80000, 0x0000000100000000)
  eden space 161792K, 0% used [0x00000000eb900000,0x00000000eb900000,0x00000000f5700000)
  from space 12288K, 99% used [0x00000000f5700000,0x00000000f62fb638,0x00000000f6300000)
  to   space 16384K, 0% used [0x00000000f9b80000,0x00000000f9b80000,0x00000000fab80000)
 ParOldGen       total 51200K, used 21193K [0x00000000c2a00000, 0x00000000c5c00000, 0x00000000eb900000)
  object space 51200K, 41% used [0x00000000c2a00000,0x00000000c3eb27b8,0x00000000c5c00000)
 Metaspace       used 50836K, capacity 52984K, committed 53248K, reserved 1095680K
  class space    used 6910K, capacity 7299K, committed 7424K, reserved 1048576K
}
Event: 27.421 GC heap before
{Heap before GC invocations=12 (full 2):
 PSYoungGen      total 174080K, used 96725K [0x00000000eb900000, 0x00000000fab80000, 0x0000000100000000)
  eden space 161792K, 52% used [0x00000000eb900000,0x00000000f0b79ef8,0x00000000f5700000)
  from space 12288K, 99% used [0x00000000f5700000,0x00000000f62fb638,0x00000000f6300000)
  to   space 16384K, 0% used [0x00000000f9b80000,0x00000000f9b80000,0x00000000fab80000)
 ParOldGen       total 51200K, used 21193K [0x00000000c2a00000, 0x00000000c5c00000, 0x00000000eb900000)
  object space 51200K, 41% used [0x00000000c2a00000,0x00000000c3eb27b8,0x00000000c5c00000)
 Metaspace       used 56478K, capacity 59084K, committed 59096K, reserved 1099776K
  class space    used 7607K, capacity 8063K, committed 8064K, reserved 1048576K
Event: 27.527 GC heap after
Heap after GC invocations=12 (full 2):
 PSYoungGen      total 228864K, used 16383K [0x00000000eb900000, 0x00000000fb380000, 0x0000000100000000)
  eden space 212480K, 0% used [0x00000000eb900000,0x00000000eb900000,0x00000000f8880000)
  from space 16384K, 99% used [0x00000000f9b80000,0x00000000fab7fe08,0x00000000fab80000)
  to   space 19456K, 0% used [0x00000000f8880000,0x00000000f8880000,0x00000000f9b80000)
 ParOldGen       total 51200K, used 22781K [0x00000000c2a00000, 0x00000000c5c00000, 0x00000000eb900000)
  object space 51200K, 44% used [0x00000000c2a00000,0x00000000c403f458,0x00000000c5c00000)
 Metaspace       used 56478K, capacity 59084K, committed 59096K, reserved 1099776K
  class space    used 7607K, capacity 8063K, committed 8064K, reserved 1048576K
}
Event: 27.527 GC heap before
{Heap before GC invocations=13 (full 3):
 PSYoungGen      total 228864K, used 16383K [0x00000000eb900000, 0x00000000fb380000, 0x0000000100000000)
  eden space 212480K, 0% used [0x00000000eb900000,0x00000000eb900000,0x00000000f8880000)
  from space 16384K, 99% used [0x00000000f9b80000,0x00000000fab7fe08,0x00000000fab80000)
  to   space 19456K, 0% used [0x00000000f8880000,0x00000000f8880000,0x00000000f9b80000)
 ParOldGen       total 51200K, used 22781K [0x00000000c2a00000, 0x00000000c5c00000, 0x00000000eb900000)
  object space 51200K, 44% used [0x00000000c2a00000,0x00000000c403f458,0x00000000c5c00000)
 Metaspace       used 56478K, capacity 59084K, committed 59096K, reserved 1099776K
  class space    used 7607K, capacity 8063K, committed 8064K, reserved 1048576K
Event: 28.129 GC heap after
Heap after GC invocations=13 (full 3):
 PSYoungGen      total 228864K, used 0K [0x00000000eb900000, 0x00000000fb380000, 0x0000000100000000)
  eden space 212480K, 0% used [0x00000000eb900000,0x00000000eb900000,0x00000000f8880000)
  from space 16384K, 0% used [0x00000000f9b80000,0x00000000f9b80000,0x00000000fab80000)
  to   space 19456K, 0% used [0x00000000f8880000,0x00000000f8880000,0x00000000f9b80000)
 ParOldGen       total 77312K, used 29797K [0x00000000c2a00000, 0x00000000c7580000, 0x00000000eb900000)
  object space 77312K, 38% used [0x00000000c2a00000,0x00000000c47197b0,0x00000000c7580000)
 Metaspace       used 56478K, capacity 59084K, committed 59096K, reserved 1099776K
  class space    used 7607K, capacity 8063K, committed 8064K, reserved 1048576K
}

