# JRE version: Java(TM) SE Runtime Environment (8.0_181-b13) (build 1.8.0_181-b13)
# Java VM: Java HotSpot(TM) 64-Bit Server VM (25.181-b13 mixed mode windows-amd64 compressed oops)
Heap:
 PSYoungGen      total 183808K, used 73862K [0x00000000eb900000, 0x00000000f8480000, 0x0000000100000000)
  eden space 166400K, 44% used [0x00000000eb900000,0x00000000f0121a00,0x00000000f5b80000)
  from space 17408K, 0% used [0x00000000f6c80000,0x00000000f6c80000,0x00000000f7d80000)
  to   space 17408K, 0% used [0x00000000f5b80000,0x00000000f5b80000,0x00000000f6c80000)
 ParOldGen       total 79360K, used 27226K [0x00000000c2a00000, 0x00000000c7780000, 0x00000000eb900000)
  object space 79360K, 34% used [0x00000000c2a00000,0x00000000c4496940,0x00000000c7780000)
 Metaspace       used 59791K, capacity 62848K, committed 63104K, reserved 1103872K
  class space    used 8071K, capacity 8549K, committed 8576K, reserved 1048576K
GC Heap History (10 events):
Event: 8.125 GC heap before
{Heap before GC invocations=11 (full 2):
 PSYoungGen      total 110080K, used 8181K [0x00000000eb900000, 0x00000000f5480000, 0x0000000100000000)
  eden space 101888K, 0% used [0x00000000eb900000,0x00000000eb900000,0x00000000f1c80000)
  from space 8192K, 99% used [0x00000000f1c80000,0x00000000f247d580,0x00000000f2480000)
  to   space 10752K, 0% used [0x00000000f4a00000,0x00000000f4a00000,0x00000000f5480000)
 ParOldGen       total 34304K, used 15125K [0x00000000c2a00000, 0x00000000c4b80000, 0x00000000eb900000)
  object space 34304K, 44% used [0x00000000c2a00000,0x00000000c38c56a0,0x00000000c4b80000)
 Metaspace       used 33636K, capacity 35326K, committed 35456K, reserved 1079296K
  class space    used 4348K, capacity 4658K, committed 4736K, reserved 1048576K
Event: 8.272 GC heap after
Heap after GC invocations=11 (full 2):
 PSYoungGen      total 110080K, used 0K [0x00000000eb900000, 0x00000000f5480000, 0x0000000100000000)
  eden space 101888K, 0% used [0x00000000eb900000,0x00000000eb900000,0x00000000f1c80000)
  from space 8192K, 0% used [0x00000000f1c80000,0x00000000f1c80000,0x00000000f2480000)
  to   space 10752K, 0% used [0x00000000f4a00000,0x00000000f4a00000,0x00000000f5480000)
 ParOldGen       total 52224K, used 15560K [0x00000000c2a00000, 0x00000000c5d00000, 0x00000000eb900000)
  object space 52224K, 29% used [0x00000000c2a00000,0x00000000c3932060,0x00000000c5d00000)
 Metaspace       used 33636K, capacity 35326K, committed 35456K, reserved 1079296K
  class space    used 4348K, capacity 4658K, committed 4736K, reserved 1048576K
}
Event: 12.269 GC heap before
{Heap before GC invocations=12 (full 2):
 PSYoungGen      total 110080K, used 101888K [0x00000000eb900000, 0x00000000f5480000, 0x0000000100000000)
  eden space 101888K, 100% used [0x00000000eb900000,0x00000000f1c80000,0x00000000f1c80000)
  from space 8192K, 0% used [0x00000000f1c80000,0x00000000f1c80000,0x00000000f2480000)
  to   space 10752K, 0% used [0x00000000f4a00000,0x00000000f4a00000,0x00000000f5480000)
 ParOldGen       total 52224K, used 15560K [0x00000000c2a00000, 0x00000000c5d00000, 0x00000000eb900000)
  object space 52224K, 29% used [0x00000000c2a00000,0x00000000c3932060,0x00000000c5d00000)
 Metaspace       used 46982K, capacity 49006K, committed 49280K, reserved 1091584K
  class space    used 6327K, capacity 6666K, committed 6784K, reserved 1048576K
Event: 12.304 GC heap after
Heap after GC invocations=12 (full 2):
 PSYoungGen      total 141312K, used 10745K [0x00000000eb900000, 0x00000000f5480000, 0x0000000100000000)
  eden space 130560K, 0% used [0x00000000eb900000,0x00000000eb900000,0x00000000f3880000)
  from space 10752K, 99% used [0x00000000f4a00000,0x00000000f547e498,0x00000000f5480000)
  to   space 13312K, 0% used [0x00000000f3a80000,0x00000000f3a80000,0x00000000f4780000)
 ParOldGen       total 52224K, used 19757K [0x00000000c2a00000, 0x00000000c5d00000, 0x00000000eb900000)
  object space 52224K, 37% used [0x00000000c2a00000,0x00000000c3d4b720,0x00000000c5d00000)
 Metaspace       used 46982K, capacity 49006K, committed 49280K, reserved 1091584K
  class space    used 6327K, capacity 6666K, committed 6784K, reserved 1048576K
}
Event: 16.016 GC heap before
{Heap before GC invocations=13 (full 2):
 PSYoungGen      total 141312K, used 141304K [0x00000000eb900000, 0x00000000f5480000, 0x0000000100000000)
  eden space 130560K, 99% used [0x00000000eb900000,0x00000000f387fe38,0x00000000f3880000)
  from space 10752K, 99% used [0x00000000f4a00000,0x00000000f547e498,0x00000000f5480000)
  to   space 13312K, 0% used [0x00000000f3a80000,0x00000000f3a80000,0x00000000f4780000)
 ParOldGen       total 52224K, used 19757K [0x00000000c2a00000, 0x00000000c5d00000, 0x00000000eb900000)
  object space 52224K, 37% used [0x00000000c2a00000,0x00000000c3d4b720,0x00000000c5d00000)
 Metaspace       used 55074K, capacity 57538K, committed 57856K, reserved 1099776K
  class space    used 7393K, capacity 7812K, committed 7936K, reserved 1048576K
Event: 16.086 GC heap after
Heap after GC invocations=13 (full 2):
 PSYoungGen      total 145920K, used 13298K [0x00000000eb900000, 0x00000000f7d80000, 0x0000000100000000)
  eden space 132608K, 0% used [0x00000000eb900000,0x00000000eb900000,0x00000000f3a80000)
  from space 13312K, 99% used [0x00000000f3a80000,0x00000000f477cbf8,0x00000000f4780000)
  to   space 17408K, 0% used [0x00000000f6c80000,0x00000000f6c80000,0x00000000f7d80000)
 ParOldGen       total 52224K, used 25373K [0x00000000c2a00000, 0x00000000c5d00000, 0x00000000eb900000)
  object space 52224K, 48% used [0x00000000c2a00000,0x00000000c42c7740,0x00000000c5d00000)
 Metaspace       used 55074K, capacity 57538K, committed 57856K, reserved 1099776K
  class space    used 7393K, capacity 7812K, committed 7936K, reserved 1048576K
}
Event: 16.819 GC heap before
{Heap before GC invocations=14 (full 2):
 PSYoungGen      total 145920K, used 27503K [0x00000000eb900000, 0x00000000f7d80000, 0x0000000100000000)
  eden space 132608K, 10% used [0x00000000eb900000,0x00000000ec6df3a0,0x00000000f3a80000)
  from space 13312K, 99% used [0x00000000f3a80000,0x00000000f477cbf8,0x00000000f4780000)
  to   space 17408K, 0% used [0x00000000f6c80000,0x00000000f6c80000,0x00000000f7d80000)
 ParOldGen       total 52224K, used 25373K [0x00000000c2a00000, 0x00000000c5d00000, 0x00000000eb900000)
  object space 52224K, 48% used [0x00000000c2a00000,0x00000000c42c7740,0x00000000c5d00000)
 Metaspace       used 56426K, capacity 59056K, committed 59096K, reserved 1099776K
  class space    used 7581K, capacity 8031K, committed 8064K, reserved 1048576K
Event: 16.851 GC heap after
Heap after GC invocations=14 (full 2):
 PSYoungGen      total 183808K, used 1749K [0x00000000eb900000, 0x00000000f8480000, 0x0000000100000000)
  eden space 166400K, 0% used [0x00000000eb900000,0x00000000eb900000,0x00000000f5b80000)
  from space 17408K, 10% used [0x00000000f6c80000,0x00000000f6e35430,0x00000000f7d80000)
  to   space 17408K, 0% used [0x00000000f5b80000,0x00000000f5b80000,0x00000000f6c80000)
 ParOldGen       total 52224K, used 34189K [0x00000000c2a00000, 0x00000000c5d00000, 0x00000000eb900000)
  object space 52224K, 65% used [0x00000000c2a00000,0x00000000c4b63458,0x00000000c5d00000)
 Metaspace       used 56426K, capacity 59056K, committed 59096K, reserved 1099776K
  class space    used 7581K, capacity 8031K, committed 8064K, reserved 1048576K
}
Event: 16.851 GC heap before
{Heap before GC invocations=15 (full 3):
 PSYoungGen      total 183808K, used 1749K [0x00000000eb900000, 0x00000000f8480000, 0x0000000100000000)
  eden space 166400K, 0% used [0x00000000eb900000,0x00000000eb900000,0x00000000f5b80000)
  from space 17408K, 10% used [0x00000000f6c80000,0x00000000f6e35430,0x00000000f7d80000)
  to   space 17408K, 0% used [0x00000000f5b80000,0x00000000f5b80000,0x00000000f6c80000)
 ParOldGen       total 52224K, used 34189K [0x00000000c2a00000, 0x00000000c5d00000, 0x00000000eb900000)
  object space 52224K, 65% used [0x00000000c2a00000,0x00000000c4b63458,0x00000000c5d00000)
 Metaspace       used 56426K, capacity 59056K, committed 59096K, reserved 1099776K
  class space    used 7581K, capacity 8031K, committed 8064K, reserved 1048576K
Event: 17.358 GC heap after
Heap after GC invocations=15 (full 3):
 PSYoungGen      total 183808K, used 0K [0x00000000eb900000, 0x00000000f8480000, 0x0000000100000000)
  eden space 166400K, 0% used [0x00000000eb900000,0x00000000eb900000,0x00000000f5b80000)
  from space 17408K, 0% used [0x00000000f6c80000,0x00000000f6c80000,0x00000000f7d80000)
  to   space 17408K, 0% used [0x00000000f5b80000,0x00000000f5b80000,0x00000000f6c80000)
 ParOldGen       total 79360K, used 27226K [0x00000000c2a00000, 0x00000000c7780000, 0x00000000eb900000)
  object space 79360K, 34% used [0x00000000c2a00000,0x00000000c4496940,0x00000000c7780000)
 Metaspace       used 56426K, capacity 59056K, committed 59096K, reserved 1099776K
  class space    used 7581K, capacity 8031K, committed 8064K, reserved 1048576K
}

