# JRE version: Java(TM) SE Runtime Environment (8.0_181-b13) (build 1.8.0_181-b13)
# Java VM: Java HotSpot(TM) 64-Bit Server VM (25.181-b13 mixed mode windows-amd64 compressed oops)
Heap:
 PSYoungGen      total 162816K, used 2593K [0x00000000eb900000, 0x00000000f7480000, 0x0000000100000000)
  eden space 152064K, 1% used [0x00000000eb900000,0x00000000ebb88598,0x00000000f4d80000)
  from space 10752K, 0% used [0x00000000f5780000,0x00000000f5780000,0x00000000f6200000)
  to   space 10240K, 0% used [0x00000000f4d80000,0x00000000f4d80000,0x00000000f5780000)
 ParOldGen       total 44544K, used 30229K [0x00000000c2a00000, 0x00000000c5580000, 0x00000000eb900000)
  object space 44544K, 67% used [0x00000000c2a00000,0x00000000c4785738,0x00000000c5580000)
 Metaspace       used 56335K, capacity 59030K, committed 59284K, reserved 1099776K
  class space    used 7604K, capacity 8062K, committed 8084K, reserved 1048576K
GC Heap History (10 events):
Event: 7.428 GC heap after
Heap after GC invocations=10 (full 1):
 PSYoungGen      total 132096K, used 8181K [0x00000000eb900000, 0x00000000f6200000, 0x0000000100000000)
  eden space 123904K, 0% used [0x00000000eb900000,0x00000000eb900000,0x00000000f3200000)
  from space 8192K, 99% used [0x00000000f3200000,0x00000000f39fd618,0x00000000f3a00000)
  to   space 10752K, 0% used [0x00000000f5780000,0x00000000f5780000,0x00000000f6200000)
 ParOldGen       total 29184K, used 9908K [0x00000000c2a00000, 0x00000000c4680000, 0x00000000eb900000)
  object space 29184K, 33% used [0x00000000c2a00000,0x00000000c33ad078,0x00000000c4680000)
 Metaspace       used 32908K, capacity 34550K, committed 34816K, reserved 1079296K
  class space    used 4250K, capacity 4542K, committed 4608K, reserved 1048576K
}
Event: 8.052 GC heap before
{Heap before GC invocations=11 (full 1):
 PSYoungGen      total 132096K, used 17706K [0x00000000eb900000, 0x00000000f6200000, 0x0000000100000000)
  eden space 123904K, 7% used [0x00000000eb900000,0x00000000ec24d568,0x00000000f3200000)
  from space 8192K, 99% used [0x00000000f3200000,0x00000000f39fd618,0x00000000f3a00000)
  to   space 10752K, 0% used [0x00000000f5780000,0x00000000f5780000,0x00000000f6200000)
 ParOldGen       total 29184K, used 9908K [0x00000000c2a00000, 0x00000000c4680000, 0x00000000eb900000)
  object space 29184K, 33% used [0x00000000c2a00000,0x00000000c33ad078,0x00000000c4680000)
 Metaspace       used 33608K, capacity 35302K, committed 35416K, reserved 1079296K
  class space    used 4336K, capacity 4616K, committed 4696K, reserved 1048576K
Event: 8.071 GC heap after
Heap after GC invocations=11 (full 1):
 PSYoungGen      total 162816K, used 5212K [0x00000000eb900000, 0x00000000f7480000, 0x0000000100000000)
  eden space 152064K, 0% used [0x00000000eb900000,0x00000000eb900000,0x00000000f4d80000)
  from space 10752K, 48% used [0x00000000f5780000,0x00000000f5c973e8,0x00000000f6200000)
  to   space 10240K, 0% used [0x00000000f4d80000,0x00000000f4d80000,0x00000000f5780000)
 ParOldGen       total 29184K, used 12984K [0x00000000c2a00000, 0x00000000c4680000, 0x00000000eb900000)
  object space 29184K, 44% used [0x00000000c2a00000,0x00000000c36ae0c8,0x00000000c4680000)
 Metaspace       used 33608K, capacity 35302K, committed 35416K, reserved 1079296K
  class space    used 4336K, capacity 4616K, committed 4696K, reserved 1048576K
}
Event: 8.071 GC heap before
{Heap before GC invocations=12 (full 2):
 PSYoungGen      total 162816K, used 5212K [0x00000000eb900000, 0x00000000f7480000, 0x0000000100000000)
  eden space 152064K, 0% used [0x00000000eb900000,0x00000000eb900000,0x00000000f4d80000)
  from space 10752K, 48% used [0x00000000f5780000,0x00000000f5c973e8,0x00000000f6200000)
  to   space 10240K, 0% used [0x00000000f4d80000,0x00000000f4d80000,0x00000000f5780000)
 ParOldGen       total 29184K, used 12984K [0x00000000c2a00000, 0x00000000c4680000, 0x00000000eb900000)
  object space 29184K, 44% used [0x00000000c2a00000,0x00000000c36ae0c8,0x00000000c4680000)
 Metaspace       used 33608K, capacity 35302K, committed 35416K, reserved 1079296K
  class space    used 4336K, capacity 4616K, committed 4696K, reserved 1048576K
Event: 8.174 GC heap after
Heap after GC invocations=12 (full 2):
 PSYoungGen      total 162816K, used 0K [0x00000000eb900000, 0x00000000f7480000, 0x0000000100000000)
  eden space 152064K, 0% used [0x00000000eb900000,0x00000000eb900000,0x00000000f4d80000)
  from space 10752K, 0% used [0x00000000f5780000,0x00000000f5780000,0x00000000f6200000)
  to   space 10240K, 0% used [0x00000000f4d80000,0x00000000f4d80000,0x00000000f5780000)
 ParOldGen       total 44544K, used 13414K [0x00000000c2a00000, 0x00000000c5580000, 0x00000000eb900000)
  object space 44544K, 30% used [0x00000000c2a00000,0x00000000c3719a30,0x00000000c5580000)
 Metaspace       used 33608K, capacity 35302K, committed 35416K, reserved 1079296K
  class space    used 4336K, capacity 4616K, committed 4696K, reserved 1048576K
}
Event: 14.160 GC heap before
{Heap before GC invocations=13 (full 2):
 PSYoungGen      total 162816K, used 152064K [0x00000000eb900000, 0x00000000f7480000, 0x0000000100000000)
  eden space 152064K, 100% used [0x00000000eb900000,0x00000000f4d80000,0x00000000f4d80000)
  from space 10752K, 0% used [0x00000000f5780000,0x00000000f5780000,0x00000000f6200000)
  to   space 10240K, 0% used [0x00000000f4d80000,0x00000000f4d80000,0x00000000f5780000)
 ParOldGen       total 44544K, used 13414K [0x00000000c2a00000, 0x00000000c5580000, 0x00000000eb900000)
  object space 44544K, 30% used [0x00000000c2a00000,0x00000000c3719a30,0x00000000c5580000)
 Metaspace       used 50114K, capacity 52208K, committed 52312K, reserved 1093632K
  class space    used 6811K, capacity 7167K, committed 7256K, reserved 1048576K
Event: 14.208 GC heap after
Heap after GC invocations=13 (full 2):
 PSYoungGen      total 162304K, used 10228K [0x00000000eb900000, 0x00000000f7480000, 0x0000000100000000)
  eden space 152064K, 0% used [0x00000000eb900000,0x00000000eb900000,0x00000000f4d80000)
  from space 10240K, 99% used [0x00000000f4d80000,0x00000000f577d190,0x00000000f5780000)
  to   space 10752K, 0% used [0x00000000f5780000,0x00000000f5780000,0x00000000f6200000)
 ParOldGen       total 44544K, used 20898K [0x00000000c2a00000, 0x00000000c5580000, 0x00000000eb900000)
  object space 44544K, 46% used [0x00000000c2a00000,0x00000000c3e68b88,0x00000000c5580000)
 Metaspace       used 50114K, capacity 52208K, committed 52312K, reserved 1093632K
  class space    used 6811K, capacity 7167K, committed 7256K, reserved 1048576K
}
Event: 17.448 GC heap before
{Heap before GC invocations=14 (full 2):
 PSYoungGen      total 162304K, used 103366K [0x00000000eb900000, 0x00000000f7480000, 0x0000000100000000)
  eden space 152064K, 61% used [0x00000000eb900000,0x00000000f13f48a0,0x00000000f4d80000)
  from space 10240K, 99% used [0x00000000f4d80000,0x00000000f577d190,0x00000000f5780000)
  to   space 10752K, 0% used [0x00000000f5780000,0x00000000f5780000,0x00000000f6200000)
 ParOldGen       total 44544K, used 20898K [0x00000000c2a00000, 0x00000000c5580000, 0x00000000eb900000)
  object space 44544K, 46% used [0x00000000c2a00000,0x00000000c3e68b88,0x00000000c5580000)
 Metaspace       used 56288K, capacity 58934K, committed 59028K, reserved 1099776K
  class space    used 7580K, capacity 8030K, committed 8084K, reserved 1048576K
Event: 17.535 GC heap after
Heap after GC invocations=14 (full 2):
 PSYoungGen      total 162816K, used 10730K [0x00000000eb900000, 0x00000000f7480000, 0x0000000100000000)
  eden space 152064K, 0% used [0x00000000eb900000,0x00000000eb900000,0x00000000f4d80000)
  from space 10752K, 99% used [0x00000000f5780000,0x00000000f61faa20,0x00000000f6200000)
  to   space 10240K, 0% used [0x00000000f4d80000,0x00000000f4d80000,0x00000000f5780000)
 ParOldGen       total 44544K, used 28459K [0x00000000c2a00000, 0x00000000c5580000, 0x00000000eb900000)
  object space 44544K, 63% used [0x00000000c2a00000,0x00000000c45cadf0,0x00000000c5580000)
 Metaspace       used 56288K, capacity 58934K, committed 59028K, reserved 1099776K
  class space    used 7580K, capacity 8030K, committed 8084K, reserved 1048576K
}
Event: 17.535 GC heap before
{Heap before GC invocations=15 (full 3):
 PSYoungGen      total 162816K, used 10730K [0x00000000eb900000, 0x00000000f7480000, 0x0000000100000000)
  eden space 152064K, 0% used [0x00000000eb900000,0x00000000eb900000,0x00000000f4d80000)
  from space 10752K, 99% used [0x00000000f5780000,0x00000000f61faa20,0x00000000f6200000)
  to   space 10240K, 0% used [0x00000000f4d80000,0x00000000f4d80000,0x00000000f5780000)
 ParOldGen       total 44544K, used 28459K [0x00000000c2a00000, 0x00000000c5580000, 0x00000000eb900000)
  object space 44544K, 63% used [0x00000000c2a00000,0x00000000c45cadf0,0x00000000c5580000)
 Metaspace       used 56288K, capacity 58934K, committed 59028K, reserved 1099776K
  class space    used 7580K, capacity 8030K, committed 8084K, reserved 1048576K

