# JRE version: Java(TM) SE Runtime Environment (8.0_181-b13) (build 1.8.0_181-b13)
# Java VM: Java HotSpot(TM) 64-Bit Server VM (25.181-b13 mixed mode windows-amd64 compressed oops)
Heap:
 PSYoungGen      total 291840K, used 94417K [0x00000000eb900000, 0x00000000fee00000, 0x0000000100000000)
  eden space 273920K, 34% used [0x00000000eb900000,0x00000000f15345f0,0x00000000fc480000)
  from space 17920K, 0% used [0x00000000fd880000,0x00000000fd880000,0x00000000fea00000)
  to   space 20480K, 0% used [0x00000000fc480000,0x00000000fc480000,0x00000000fd880000)
 ParOldGen       total 46080K, used 28877K [0x00000000c2a00000, 0x00000000c5700000, 0x00000000eb900000)
  object space 46080K, 62% used [0x00000000c2a00000,0x00000000c4633418,0x00000000c5700000)
 Metaspace       used 61642K, capacity 64720K, committed 64896K, reserved 1105920K
  class space    used 8322K, capacity 8819K, committed 8832K, reserved 1048576K
GC Heap History (10 events):
Event: 9.353 GC heap before
{Heap before GC invocations=9 (full 1):
 PSYoungGen      total 132096K, used 45023K [0x00000000eb900000, 0x00000000f9200000, 0x0000000100000000)
  eden space 124928K, 30% used [0x00000000eb900000,0x00000000eddff9c8,0x00000000f3300000)
  from space 7168K, 99% used [0x00000000f3300000,0x00000000f39f8590,0x00000000f3a00000)
  to   space 11776K, 0% used [0x00000000f8680000,0x00000000f8680000,0x00000000f9200000)
 ParOldGen       total 34304K, used 17385K [0x00000000c2a00000, 0x00000000c4b80000, 0x00000000eb900000)
  object space 34304K, 50% used [0x00000000c2a00000,0x00000000c3afa408,0x00000000c4b80000)
 Metaspace       used 33619K, capacity 35310K, committed 35456K, reserved 1079296K
  class space    used 4339K, capacity 4616K, committed 4736K, reserved 1048576K
Event: 9.375 GC heap after
Heap after GC invocations=9 (full 1):
 PSYoungGen      total 209920K, used 8210K [0x00000000eb900000, 0x00000000fa580000, 0x0000000100000000)
  eden space 198144K, 0% used [0x00000000eb900000,0x00000000eb900000,0x00000000f7a80000)
  from space 11776K, 69% used [0x00000000f8680000,0x00000000f8e848f0,0x00000000f9200000)
  to   space 12288K, 0% used [0x00000000f7a80000,0x00000000f7a80000,0x00000000f8680000)
 ParOldGen       total 34304K, used 17393K [0x00000000c2a00000, 0x00000000c4b80000, 0x00000000eb900000)
  object space 34304K, 50% used [0x00000000c2a00000,0x00000000c3afc408,0x00000000c4b80000)
 Metaspace       used 33619K, capacity 35310K, committed 35456K, reserved 1079296K
  class space    used 4339K, capacity 4616K, committed 4736K, reserved 1048576K
}
Event: 9.376 GC heap before
{Heap before GC invocations=10 (full 2):
 PSYoungGen      total 209920K, used 8210K [0x00000000eb900000, 0x00000000fa580000, 0x0000000100000000)
  eden space 198144K, 0% used [0x00000000eb900000,0x00000000eb900000,0x00000000f7a80000)
  from space 11776K, 69% used [0x00000000f8680000,0x00000000f8e848f0,0x00000000f9200000)
  to   space 12288K, 0% used [0x00000000f7a80000,0x00000000f7a80000,0x00000000f8680000)
 ParOldGen       total 34304K, used 17393K [0x00000000c2a00000, 0x00000000c4b80000, 0x00000000eb900000)
  object space 34304K, 50% used [0x00000000c2a00000,0x00000000c3afc408,0x00000000c4b80000)
 Metaspace       used 33619K, capacity 35310K, committed 35456K, reserved 1079296K
  class space    used 4339K, capacity 4616K, committed 4736K, reserved 1048576K
Event: 9.530 GC heap after
Heap after GC invocations=10 (full 2):
 PSYoungGen      total 209920K, used 0K [0x00000000eb900000, 0x00000000fa580000, 0x0000000100000000)
  eden space 198144K, 0% used [0x00000000eb900000,0x00000000eb900000,0x00000000f7a80000)
  from space 11776K, 0% used [0x00000000f8680000,0x00000000f8680000,0x00000000f9200000)
  to   space 12288K, 0% used [0x00000000f7a80000,0x00000000f7a80000,0x00000000f8680000)
 ParOldGen       total 46080K, used 13241K [0x00000000c2a00000, 0x00000000c5700000, 0x00000000eb900000)
  object space 46080K, 28% used [0x00000000c2a00000,0x00000000c36ee708,0x00000000c5700000)
 Metaspace       used 33619K, capacity 35310K, committed 35456K, reserved 1079296K
  class space    used 4339K, capacity 4616K, committed 4736K, reserved 1048576K
}
Event: 15.927 GC heap before
{Heap before GC invocations=11 (full 2):
 PSYoungGen      total 209920K, used 198144K [0x00000000eb900000, 0x00000000fa580000, 0x0000000100000000)
  eden space 198144K, 100% used [0x00000000eb900000,0x00000000f7a80000,0x00000000f7a80000)
  from space 11776K, 0% used [0x00000000f8680000,0x00000000f8680000,0x00000000f9200000)
  to   space 12288K, 0% used [0x00000000f7a80000,0x00000000f7a80000,0x00000000f8680000)
 ParOldGen       total 46080K, used 13241K [0x00000000c2a00000, 0x00000000c5700000, 0x00000000eb900000)
  object space 46080K, 28% used [0x00000000c2a00000,0x00000000c36ee708,0x00000000c5700000)
 Metaspace       used 51969K, capacity 54090K, committed 54400K, reserved 1095680K
  class space    used 7049K, capacity 7428K, committed 7552K, reserved 1048576K
Event: 15.976 GC heap after
Heap after GC invocations=11 (full 2):
 PSYoungGen      total 210432K, used 12281K [0x00000000eb900000, 0x00000000fea00000, 0x0000000100000000)
  eden space 198144K, 0% used [0x00000000eb900000,0x00000000eb900000,0x00000000f7a80000)
  from space 12288K, 99% used [0x00000000f7a80000,0x00000000f867e4c0,0x00000000f8680000)
  to   space 17920K, 0% used [0x00000000fd880000,0x00000000fd880000,0x00000000fea00000)
 ParOldGen       total 46080K, used 22981K [0x00000000c2a00000, 0x00000000c5700000, 0x00000000eb900000)
  object space 46080K, 49% used [0x00000000c2a00000,0x00000000c4071570,0x00000000c5700000)
 Metaspace       used 51969K, capacity 54090K, committed 54400K, reserved 1095680K
  class space    used 7049K, capacity 7428K, committed 7552K, reserved 1048576K
}
Event: 17.814 GC heap before
{Heap before GC invocations=12 (full 2):
 PSYoungGen      total 210432K, used 63581K [0x00000000eb900000, 0x00000000fea00000, 0x0000000100000000)
  eden space 198144K, 25% used [0x00000000eb900000,0x00000000eeb18f68,0x00000000f7a80000)
  from space 12288K, 99% used [0x00000000f7a80000,0x00000000f867e4c0,0x00000000f8680000)
  to   space 17920K, 0% used [0x00000000fd880000,0x00000000fd880000,0x00000000fea00000)
 ParOldGen       total 46080K, used 22981K [0x00000000c2a00000, 0x00000000c5700000, 0x00000000eb900000)
  object space 46080K, 49% used [0x00000000c2a00000,0x00000000c4071570,0x00000000c5700000)
 Metaspace       used 56425K, capacity 59062K, committed 59096K, reserved 1099776K
  class space    used 7586K, capacity 8030K, committed 8064K, reserved 1048576K
Event: 17.886 GC heap after
Heap after GC invocations=12 (full 2):
 PSYoungGen      total 291840K, used 16919K [0x00000000eb900000, 0x00000000fee00000, 0x0000000100000000)
  eden space 273920K, 0% used [0x00000000eb900000,0x00000000eb900000,0x00000000fc480000)
  from space 17920K, 94% used [0x00000000fd880000,0x00000000fe905fd8,0x00000000fea00000)
  to   space 20480K, 0% used [0x00000000fc480000,0x00000000fc480000,0x00000000fd880000)
 ParOldGen       total 46080K, used 22989K [0x00000000c2a00000, 0x00000000c5700000, 0x00000000eb900000)
  object space 46080K, 49% used [0x00000000c2a00000,0x00000000c4073570,0x00000000c5700000)
 Metaspace       used 56425K, capacity 59062K, committed 59096K, reserved 1099776K
  class space    used 7586K, capacity 8030K, committed 8064K, reserved 1048576K
}
Event: 17.886 GC heap before
{Heap before GC invocations=13 (full 3):
 PSYoungGen      total 291840K, used 16919K [0x00000000eb900000, 0x00000000fee00000, 0x0000000100000000)
  eden space 273920K, 0% used [0x00000000eb900000,0x00000000eb900000,0x00000000fc480000)
  from space 17920K, 94% used [0x00000000fd880000,0x00000000fe905fd8,0x00000000fea00000)
  to   space 20480K, 0% used [0x00000000fc480000,0x00000000fc480000,0x00000000fd880000)
 ParOldGen       total 46080K, used 22989K [0x00000000c2a00000, 0x00000000c5700000, 0x00000000eb900000)
  object space 46080K, 49% used [0x00000000c2a00000,0x00000000c4073570,0x00000000c5700000)
 Metaspace       used 56425K, capacity 59062K, committed 59096K, reserved 1099776K
  class space    used 7586K, capacity 8030K, committed 8064K, reserved 1048576K
Event: 18.193 GC heap after
Heap after GC invocations=13 (full 3):
 PSYoungGen      total 291840K, used 0K [0x00000000eb900000, 0x00000000fee00000, 0x0000000100000000)
  eden space 273920K, 0% used [0x00000000eb900000,0x00000000eb900000,0x00000000fc480000)
  from space 17920K, 0% used [0x00000000fd880000,0x00000000fd880000,0x00000000fea00000)
  to   space 20480K, 0% used [0x00000000fc480000,0x00000000fc480000,0x00000000fd880000)
 ParOldGen       total 46080K, used 28877K [0x00000000c2a00000, 0x00000000c5700000, 0x00000000eb900000)
  object space 46080K, 62% used [0x00000000c2a00000,0x00000000c4633418,0x00000000c5700000)
 Metaspace       used 56425K, capacity 59062K, committed 59096K, reserved 1099776K
  class space    used 7586K, capacity 8030K, committed 8064K, reserved 1048576K
}

